09:51:18:5118 INFO  ControlMain - XMediaGrabber 0.2.9b
09:51:18:5118 INFO  ControlMain - 06.02.2005
09:51:18:5118 INFO  ControlMain - User: Marko
09:51:18:5118 INFO  ControlMain - java.version	1.5.0_02
09:51:18:5118 INFO  ControlMain - java.vendor	Sun Microsystems Inc.
09:51:18:5118 INFO  ControlMain - java.home	C:\Programme\Java\jre1.5.0_02
09:51:18:5118 INFO  ControlMain - java.vm.name	Java HotSpot(TM) Client VM
09:51:18:5118 INFO  ControlMain - Suche Box-Image...
09:51:19:5119 INFO  ControlMain - Default-Schnittstelle geladen
09:51:19:5119 INFO  SerStreamingServer - Warte auf Eingaben von  Port: 4000
09:51:19:5119 ERROR SerWebsiteContentLoader - www.jackthegrabber.de
09:51:20:5120 ERROR SerBoxControl - Fehler beim Lesen der Box-Timer
09:51:20:5120 ERROR ControlProgramTab - 
09:51:20:5120 ERROR ControlTimerTab - 
09:51:21:5121 INFO  ControlMainView - Anwendung gestartet
09:51:29:5129 INFO  ControlMain - Suche Box-Image...
09:51:31:5131 INFO  ControlMain - Default-Schnittstelle geladen
09:52:20:5220 ERROR ControlProgramTab - 
09:52:23:5223 ERROR ControlTimerTab - 
09:52:58:5258 INFO  ControlMain - Settings saved
10:11:08:118 INFO  ControlMain - Settings found
10:11:08:118 INFO  ControlMain - XMediaGrabber 0.2.9b
10:11:08:118 INFO  ControlMain - 06.02.2005
10:11:08:118 INFO  ControlMain - User: Marko
10:11:08:118 INFO  ControlMain - java.version	1.5.0_02
10:11:08:118 INFO  ControlMain - java.vendor	Sun Microsystems Inc.
10:11:08:118 INFO  ControlMain - java.home	C:\Programme\Java\jre1.5.0_02
10:11:08:118 INFO  ControlMain - java.vm.name	Java HotSpot(TM) Client VM
10:11:08:118 INFO  ControlMain - Suche Box-Image...
10:11:10:1110 INFO  ControlMain - Default-Schnittstelle geladen
10:11:10:1110 INFO  SerStreamingServer - Warte auf Eingaben von 127.0.0.1 Port: 4000
10:11:11:1111 ERROR SerBoxControl - Fehler beim Lesen der Box-Timer
10:11:11:1111 ERROR ControlProgramTab - 
10:11:11:1111 ERROR ControlTimerTab - 
10:11:12:1112 INFO  ControlMainView - Anwendung gestartet
10:11:26:1126 ERROR SerWebsiteContentLoader - www.jackthegrabber.de
10:11:39:1139 INFO  ControlMain - Settings saved
10:11:45:1145 INFO  ControlMain - Settings found
10:11:45:1145 INFO  ControlMain - XMediaGrabber 0.2.9b
10:11:45:1145 INFO  ControlMain - 06.02.2005
10:11:45:1145 INFO  ControlMain - User: Marko
10:11:45:1145 INFO  ControlMain - java.version	1.5.0_02
10:11:45:1145 INFO  ControlMain - java.vendor	Sun Microsystems Inc.
10:11:45:1145 INFO  ControlMain - java.home	C:\Programme\Java\jre1.5.0_02
10:11:45:1145 INFO  ControlMain - java.vm.name	Java HotSpot(TM) Client VM
10:11:45:1145 INFO  ControlMain - Suche Box-Image...
10:11:47:1147 INFO  ControlMain - Default-Schnittstelle geladen
10:11:47:1147 INFO  SerStreamingServer - Warte auf Eingaben von 127.0.0.1 Port: 4000
10:11:48:1148 ERROR SerBoxControl - Fehler beim Lesen der Box-Timer
10:11:48:1148 ERROR ControlProgramTab - 
10:11:48:1148 ERROR ControlTimerTab - 
10:11:49:1149 INFO  ControlMainView - Anwendung gestartet
10:11:51:1151 ERROR SerWebsiteContentLoader - www.jackthegrabber.de
10:12:06:126 INFO  ControlMain - Settings saved
14:41:25:4125 INFO  ControlMain - Settings found
14:41:25:4125 INFO  ControlMain - XMediaGrabber 0.2.9b
14:41:25:4125 INFO  ControlMain - 06.02.2005
14:41:25:4125 INFO  ControlMain - User: Marko
14:41:25:4125 INFO  ControlMain - java.version	1.5.0_02
14:41:25:4125 INFO  ControlMain - java.vendor	Sun Microsystems Inc.
14:41:25:4125 INFO  ControlMain - java.home	C:\Programme\Java\jre1.5.0_02
14:41:25:4125 INFO  ControlMain - java.vm.name	Java HotSpot(TM) Client VM
14:41:25:4125 INFO  ControlMain - Suche Box-Image...
14:41:27:4127 INFO  ControlMain - Default-Schnittstelle geladen
14:41:27:4127 INFO  SerStreamingServer - Warte auf Eingaben von 127.0.0.1 Port: 4000
14:41:29:4129 ERROR SerBoxControl - Fehler beim Lesen der Box-Timer
14:41:29:4129 ERROR ControlProgramTab - 
14:41:29:4129 ERROR ControlTimerTab - 
14:41:29:4129 INFO  ControlMainView - Anwendung gestartet
14:41:32:4132 INFO  ControlMain - Settings saved
14:42:45:4245 INFO  ControlMain - Settings found
14:42:45:4245 INFO  ControlMain - XMediaGrabber 0.2.9b
14:42:45:4245 INFO  ControlMain - 06.02.2005
14:42:45:4245 INFO  ControlMain - User: Marko
14:42:45:4245 INFO  ControlMain - java.version	1.5.0_05
14:42:45:4245 INFO  ControlMain - java.vendor	Sun Microsystems Inc.
14:42:45:4245 INFO  ControlMain - java.home	C:\Programme\Java\jre1.5.0_05
14:42:45:4245 INFO  ControlMain - java.vm.name	Java HotSpot(TM) Client VM
14:42:45:4245 INFO  ControlMain - Suche Box-Image...
14:42:47:4247 INFO  ControlMain - Default-Schnittstelle geladen
14:42:47:4247 INFO  SerStreamingServer - Warte auf Eingaben von 127.0.0.1 Port: 4000
14:42:48:4248 ERROR SerBoxControl - Fehler beim Lesen der Box-Timer
14:42:48:4248 ERROR ControlProgramTab - 
14:42:48:4248 ERROR ControlTimerTab - 
14:42:49:4249 INFO  ControlMainView - Anwendung gestartet
14:43:59:4359 INFO  SerStreamingServer - StreamingServer stopped
14:44:38:4438 INFO  ControlMain - Settings saved
14:45:22:4522 INFO  ControlMain - Settings found
14:45:22:4522 INFO  ControlMain - XMediaGrabber 0.2.9b
14:45:22:4522 INFO  ControlMain - 06.02.2005
14:45:22:4522 INFO  ControlMain - User: Marko
14:45:22:4522 INFO  ControlMain - java.version	1.5.0_05
14:45:22:4522 INFO  ControlMain - java.vendor	Sun Microsystems Inc.
14:45:22:4522 INFO  ControlMain - java.home	C:\Programme\Java\jre1.5.0_05
14:45:22:4522 INFO  ControlMain - java.vm.name	Java HotSpot(TM) Client VM
14:45:22:4522 INFO  ControlMain - Suche Box-Image...
14:45:24:4524 INFO  ControlMain - Default-Schnittstelle geladen
14:45:24:4524 INFO  SerStreamingServer - Warte auf Eingaben von 127.0.0.1 Port: 4000
14:45:25:4525 ERROR SerBoxControl - Fehler beim Lesen der Box-Timer
14:45:25:4525 ERROR ControlProgramTab - 
14:45:25:4525 ERROR ControlTimerTab - 
14:45:26:4526 INFO  ControlMainView - Anwendung gestartet
14:45:30:4530 INFO  ControlMain - Settings saved
15:02:29:229 INFO  ControlMain - Settings found
15:02:29:229 INFO  ControlMain - XMediaGrabber 0.2.9b
15:02:29:229 INFO  ControlMain - 06.02.2005
15:02:29:229 INFO  ControlMain - User: Marko
15:02:29:229 INFO  ControlMain - java.version	1.5.0_05
15:02:29:229 INFO  ControlMain - java.vendor	Sun Microsystems Inc.
15:02:29:229 INFO  ControlMain - java.home	C:\Programme\Java\jre1.5.0_05
15:02:29:229 INFO  ControlMain - java.vm.name	Java HotSpot(TM) Client VM
15:02:29:229 INFO  ControlMain - Suche Box-Image...
15:02:31:231 INFO  ControlMain - Default-Schnittstelle geladen
15:02:31:231 INFO  SerStreamingServer - Warte auf Eingaben von 127.0.0.1 Port: 4000
15:02:32:232 ERROR SerBoxControl - Fehler beim Lesen der Box-Timer
15:02:32:232 ERROR ControlProgramTab - 
15:02:32:232 ERROR ControlTimerTab - 
15:02:33:233 INFO  ControlMainView - Anwendung gestartet
15:02:40:240 INFO  ControlMain - Settings saved
15:02:50:250 INFO  ControlMain - Settings found
15:02:50:250 INFO  ControlMain - XMediaGrabber 0.2.9b
15:02:50:250 INFO  ControlMain - 06.02.2005
15:02:50:250 INFO  ControlMain - User: Marko
15:02:50:250 INFO  ControlMain - java.version	1.5.0_05
15:02:50:250 INFO  ControlMain - java.vendor	Sun Microsystems Inc.
15:02:50:250 INFO  ControlMain - java.home	C:\Programme\Java\jre1.5.0_05
15:02:50:250 INFO  ControlMain - java.vm.name	Java HotSpot(TM) Client VM
15:02:50:250 INFO  ControlMain - Suche Box-Image...
15:02:52:252 INFO  ControlMain - Default-Schnittstelle geladen
15:02:52:252 INFO  SerStreamingServer - Warte auf Eingaben von 127.0.0.1 Port: 4000
15:02:53:253 ERROR SerBoxControl - Fehler beim Lesen der Box-Timer
15:02:53:253 ERROR ControlProgramTab - 
15:02:53:253 ERROR ControlTimerTab - 
15:02:54:254 INFO  ControlMainView - Anwendung gestartet
15:04:55:455 INFO  ControlMain - Settings saved
